<?xml version="1.0" encoding="UTF-8"?>
<!-- Generated by org.testng.reporters.JUnitReportReporter -->
<testsuite hostname="Santhosh" failures="0" tests="4" name="api.test.UserTests" time="8.153" errors="0" timestamp="2024-08-18T00:33:27 IST" skipped="0">
  <testcase classname="api.test.UserTests" name="testPostUser" time="3.657"/>
  <testcase classname="api.test.UserTests" name="getUser" time="1.165"/>
  <testcase classname="api.test.UserTests" name="updateUser" time="2.215"/>
  <testcase classname="api.test.UserTests" name="deleteUser" time="1.116"/>
</testsuite> <!-- api.test.UserTests -->
